# JRE version: OpenJDK Runtime Environment Temurin-21.0.10+7 (21.0.10+7) (build 21.0.10+7-LTS)
# Java VM: OpenJDK 64-Bit Server VM Temurin-21.0.10+7 (21.0.10+7-LTS, mixed mode, sharing, tiered, compressed oops, compressed class ptrs, parallel gc, windows-amd64)
GC Precious Log:
 CardTable entry size: 512
 CPUs: 8 total, 8 available
 Memory: 6081M
 Large Page Support: Disabled
 NUMA Support: Disabled
 Compressed Oops: Enabled (32-bit)
 Alignments: Space 512K, Generation 512K, Heap 2M
 Heap Min Capacity: 100M
 Heap Initial Capacity: 100M
 Heap Max Capacity: 2G
 Pre-touch: Disabled
 Parallel Workers: 8
Heap:
 PSYoungGen      total 3584K, used 2934K [0x00000000d5580000, 0x00000000d5a80000, 0x0000000100000000)
  eden space 2048K, 90% used [0x00000000d5580000,0x00000000d574db58,0x00000000d5780000)
  from space 1536K, 70% used [0x00000000d5800000,0x00000000d5910040,0x00000000d5980000)
  to   space 1024K, 0% used [0x00000000d5980000,0x00000000d5980000,0x00000000d5a80000)
 ParOldGen       total 848384K, used 847910K [0x0000000080000000, 0x00000000b3c80000, 0x00000000d5580000)
  object space 848384K, 99% used [0x0000000080000000,0x00000000b3c09a10,0x00000000b3c80000)
 Metaspace       used 76365K, committed 77696K, reserved 1179648K
  class space    used 7260K, committed 7808K, reserved 1048576K
GC Heap History (20 events):
Event: 878.556 GC heap before
{Heap before GC invocations=1831 (full 3):
 PSYoungGen      total 2560K, used 2272K [0x00000000d5580000, 0x00000000d5a00000, 0x0000000100000000)
  eden space 2048K, 100% used [0x00000000d5580000,0x00000000d5780000,0x00000000d5780000)
  from space 512K, 43% used [0x00000000d5780000,0x00000000d57b8000,0x00000000d5800000)
  to   space 512K, 0% used [0x00000000d5980000,0x00000000d5980000,0x00000000d5a00000)
 ParOldGen       total 840704K, used 839855K [0x0000000080000000, 0x00000000b3500000, 0x00000000d5580000)
  object space 840704K, 99% used [0x0000000080000000,0x00000000b342bf00,0x00000000b3500000)
 Metaspace       used 76022K, committed 77376K, reserved 1179648K
  class space    used 7227K, committed 7808K, reserved 1048576K
}
Event: 878.571 GC heap after
{Heap after GC invocations=1831 (full 3):
 PSYoungGen      total 2560K, used 128K [0x00000000d5580000, 0x00000000d5a00000, 0x0000000100000000)
  eden space 2048K, 0% used [0x00000000d5580000,0x00000000d5580000,0x00000000d5780000)
  from space 512K, 25% used [0x00000000d5980000,0x00000000d59a0000,0x00000000d5a00000)
  to   space 512K, 0% used [0x00000000d5780000,0x00000000d5780000,0x00000000d5800000)
 ParOldGen       total 840704K, used 839919K [0x0000000080000000, 0x00000000b3500000, 0x00000000d5580000)
  object space 840704K, 99% used [0x0000000080000000,0x00000000b343bf00,0x00000000b3500000)
 Metaspace       used 76022K, committed 77376K, reserved 1179648K
  class space    used 7227K, committed 7808K, reserved 1048576K
}
Event: 879.195 GC heap before
{Heap before GC invocations=1832 (full 3):
 PSYoungGen      total 2560K, used 2176K [0x00000000d5580000, 0x00000000d5a00000, 0x0000000100000000)
  eden space 2048K, 100% used [0x00000000d5580000,0x00000000d5780000,0x00000000d5780000)
  from space 512K, 25% used [0x00000000d5980000,0x00000000d59a0000,0x00000000d5a00000)
  to   space 512K, 0% used [0x00000000d5780000,0x00000000d5780000,0x00000000d5800000)
 ParOldGen       total 840704K, used 839919K [0x0000000080000000, 0x00000000b3500000, 0x00000000d5580000)
  object space 840704K, 99% used [0x0000000080000000,0x00000000b343bf00,0x00000000b3500000)
 Metaspace       used 76046K, committed 77376K, reserved 1179648K
  class space    used 7227K, committed 7808K, reserved 1048576K
}
Event: 879.218 GC heap after
{Heap after GC invocations=1832 (full 3):
 PSYoungGen      total 2560K, used 390K [0x00000000d5580000, 0x00000000d5a00000, 0x0000000100000000)
  eden space 2048K, 0% used [0x00000000d5580000,0x00000000d5580000,0x00000000d5780000)
  from space 512K, 76% used [0x00000000d5780000,0x00000000d57e1800,0x00000000d5800000)
  to   space 512K, 0% used [0x00000000d5980000,0x00000000d5980000,0x00000000d5a00000)
 ParOldGen       total 840704K, used 840098K [0x0000000080000000, 0x00000000b3500000, 0x00000000d5580000)
  object space 840704K, 99% used [0x0000000080000000,0x00000000b3468b00,0x00000000b3500000)
 Metaspace       used 76046K, committed 77376K, reserved 1179648K
  class space    used 7227K, committed 7808K, reserved 1048576K
}
Event: 879.473 GC heap before
{Heap before GC invocations=1833 (full 3):
 PSYoungGen      total 2560K, used 2438K [0x00000000d5580000, 0x00000000d5a00000, 0x0000000100000000)
  eden space 2048K, 100% used [0x00000000d5580000,0x00000000d5780000,0x00000000d5780000)
  from space 512K, 76% used [0x00000000d5780000,0x00000000d57e1800,0x00000000d5800000)
  to   space 512K, 0% used [0x00000000d5980000,0x00000000d5980000,0x00000000d5a00000)
 ParOldGen       total 840704K, used 840098K [0x0000000080000000, 0x00000000b3500000, 0x00000000d5580000)
  object space 840704K, 99% used [0x0000000080000000,0x00000000b3468b00,0x00000000b3500000)
 Metaspace       used 76057K, committed 77376K, reserved 1179648K
  class space    used 7227K, committed 7808K, reserved 1048576K
}
Event: 879.484 GC heap after
{Heap after GC invocations=1833 (full 3):
 PSYoungGen      total 2560K, used 256K [0x00000000d5580000, 0x00000000d5a00000, 0x0000000100000000)
  eden space 2048K, 0% used [0x00000000d5580000,0x00000000d5580000,0x00000000d5780000)
  from space 512K, 50% used [0x00000000d5980000,0x00000000d59c0000,0x00000000d5a00000)
  to   space 512K, 0% used [0x00000000d5780000,0x00000000d5780000,0x00000000d5800000)
 ParOldGen       total 841728K, used 841230K [0x0000000080000000, 0x00000000b3600000, 0x00000000d5580000)
  object space 841728K, 99% used [0x0000000080000000,0x00000000b3583810,0x00000000b3600000)
 Metaspace       used 76057K, committed 77376K, reserved 1179648K
  class space    used 7227K, committed 7808K, reserved 1048576K
}
Event: 879.940 GC heap before
{Heap before GC invocations=1834 (full 3):
 PSYoungGen      total 2560K, used 2304K [0x00000000d5580000, 0x00000000d5a00000, 0x0000000100000000)
  eden space 2048K, 100% used [0x00000000d5580000,0x00000000d5780000,0x00000000d5780000)
  from space 512K, 50% used [0x00000000d5980000,0x00000000d59c0000,0x00000000d5a00000)
  to   space 512K, 0% used [0x00000000d5780000,0x00000000d5780000,0x00000000d5800000)
 ParOldGen       total 841728K, used 841230K [0x0000000080000000, 0x00000000b3600000, 0x00000000d5580000)
  object space 841728K, 99% used [0x0000000080000000,0x00000000b3583810,0x00000000b3600000)
 Metaspace       used 76060K, committed 77376K, reserved 1179648K
  class space    used 7227K, committed 7808K, reserved 1048576K
}
Event: 879.948 GC heap after
{Heap after GC invocations=1834 (full 3):
 PSYoungGen      total 2560K, used 192K [0x00000000d5580000, 0x00000000d5a00000, 0x0000000100000000)
  eden space 2048K, 0% used [0x00000000d5580000,0x00000000d5580000,0x00000000d5780000)
  from space 512K, 37% used [0x00000000d5780000,0x00000000d57b0000,0x00000000d5800000)
  to   space 512K, 0% used [0x00000000d5980000,0x00000000d5980000,0x00000000d5a00000)
 ParOldGen       total 841728K, used 841294K [0x0000000080000000, 0x00000000b3600000, 0x00000000d5580000)
  object space 841728K, 99% used [0x0000000080000000,0x00000000b3593810,0x00000000b3600000)
 Metaspace       used 76060K, committed 77376K, reserved 1179648K
  class space    used 7227K, committed 7808K, reserved 1048576K
}
Event: 880.377 GC heap before
{Heap before GC invocations=1835 (full 3):
 PSYoungGen      total 2560K, used 2239K [0x00000000d5580000, 0x00000000d5a00000, 0x0000000100000000)
  eden space 2048K, 99% used [0x00000000d5580000,0x00000000d577fff8,0x00000000d5780000)
  from space 512K, 37% used [0x00000000d5780000,0x00000000d57b0000,0x00000000d5800000)
  to   space 512K, 0% used [0x00000000d5980000,0x00000000d5980000,0x00000000d5a00000)
 ParOldGen       total 841728K, used 841294K [0x0000000080000000, 0x00000000b3600000, 0x00000000d5580000)
  object space 841728K, 99% used [0x0000000080000000,0x00000000b3593810,0x00000000b3600000)
 Metaspace       used 76063K, committed 77376K, reserved 1179648K
  class space    used 7227K, committed 7808K, reserved 1048576K
}
Event: 880.391 GC heap after
{Heap after GC invocations=1835 (full 3):
 PSYoungGen      total 2560K, used 474K [0x00000000d5580000, 0x00000000d5a00000, 0x0000000100000000)
  eden space 2048K, 0% used [0x00000000d5580000,0x00000000d5580000,0x00000000d5780000)
  from space 512K, 92% used [0x00000000d5980000,0x00000000d59f6900,0x00000000d5a00000)
  to   space 1024K, 0% used [0x00000000d5800000,0x00000000d5800000,0x00000000d5900000)
 ParOldGen       total 841728K, used 841382K [0x0000000080000000, 0x00000000b3600000, 0x00000000d5580000)
  object space 841728K, 99% used [0x0000000080000000,0x00000000b35a9810,0x00000000b3600000)
 Metaspace       used 76063K, committed 77376K, reserved 1179648K
  class space    used 7227K, committed 7808K, reserved 1048576K
}
Event: 880.454 GC heap before
{Heap before GC invocations=1836 (full 3):
 PSYoungGen      total 2560K, used 2522K [0x00000000d5580000, 0x00000000d5a00000, 0x0000000100000000)
  eden space 2048K, 100% used [0x00000000d5580000,0x00000000d5780000,0x00000000d5780000)
  from space 512K, 92% used [0x00000000d5980000,0x00000000d59f6900,0x00000000d5a00000)
  to   space 1024K, 0% used [0x00000000d5800000,0x00000000d5800000,0x00000000d5900000)
 ParOldGen       total 841728K, used 841382K [0x0000000080000000, 0x00000000b3600000, 0x00000000d5580000)
  object space 841728K, 99% used [0x0000000080000000,0x00000000b35a9810,0x00000000b3600000)
 Metaspace       used 76063K, committed 77376K, reserved 1179648K
  class space    used 7227K, committed 7808K, reserved 1048576K
}
Event: 880.463 GC heap after
{Heap after GC invocations=1836 (full 3):
 PSYoungGen      total 3072K, used 244K [0x00000000d5580000, 0x00000000d5a00000, 0x0000000100000000)
  eden space 2048K, 0% used [0x00000000d5580000,0x00000000d5580000,0x00000000d5780000)
  from space 1024K, 23% used [0x00000000d5800000,0x00000000d583d200,0x00000000d5900000)
  to   space 512K, 0% used [0x00000000d5980000,0x00000000d5980000,0x00000000d5a00000)
 ParOldGen       total 841728K, used 841642K [0x0000000080000000, 0x00000000b3600000, 0x00000000d5580000)
  object space 841728K, 99% used [0x0000000080000000,0x00000000b35eaa10,0x00000000b3600000)
 Metaspace       used 76063K, committed 77376K, reserved 1179648K
  class space    used 7227K, committed 7808K, reserved 1048576K
}
Event: 884.029 GC heap before
{Heap before GC invocations=1837 (full 3):
 PSYoungGen      total 3072K, used 2292K [0x00000000d5580000, 0x00000000d5a00000, 0x0000000100000000)
  eden space 2048K, 99% used [0x00000000d5580000,0x00000000d577ffe8,0x00000000d5780000)
  from space 1024K, 23% used [0x00000000d5800000,0x00000000d583d200,0x00000000d5900000)
  to   space 512K, 0% used [0x00000000d5980000,0x00000000d5980000,0x00000000d5a00000)
 ParOldGen       total 841728K, used 841642K [0x0000000080000000, 0x00000000b3600000, 0x00000000d5580000)
  object space 841728K, 99% used [0x0000000080000000,0x00000000b35eaa10,0x00000000b3600000)
 Metaspace       used 76063K, committed 77376K, reserved 1179648K
  class space    used 7227K, committed 7808K, reserved 1048576K
}
Event: 884.036 GC heap after
{Heap after GC invocations=1837 (full 3):
 PSYoungGen      total 2560K, used 512K [0x00000000d5580000, 0x00000000d5b80000, 0x0000000100000000)
  eden space 2048K, 0% used [0x00000000d5580000,0x00000000d5580000,0x00000000d5780000)
  from space 512K, 100% used [0x00000000d5980000,0x00000000d5a00000,0x00000000d5a00000)
  to   space 2048K, 0% used [0x00000000d5780000,0x00000000d5780000,0x00000000d5980000)
 ParOldGen       total 842752K, used 842675K [0x0000000080000000, 0x00000000b3700000, 0x00000000d5580000)
  object space 842752K, 99% used [0x0000000080000000,0x00000000b36ecc10,0x00000000b3700000)
 Metaspace       used 76063K, committed 77376K, reserved 1179648K
  class space    used 7227K, committed 7808K, reserved 1048576K
}
Event: 886.166 GC heap before
{Heap before GC invocations=1838 (full 3):
 PSYoungGen      total 2560K, used 2219K [0x00000000d5580000, 0x00000000d5b80000, 0x0000000100000000)
  eden space 2048K, 83% used [0x00000000d5580000,0x00000000d572aef8,0x00000000d5780000)
  from space 512K, 100% used [0x00000000d5980000,0x00000000d5a00000,0x00000000d5a00000)
  to   space 2048K, 0% used [0x00000000d5780000,0x00000000d5780000,0x00000000d5980000)
 ParOldGen       total 842752K, used 842675K [0x0000000080000000, 0x00000000b3700000, 0x00000000d5580000)
  object space 842752K, 99% used [0x0000000080000000,0x00000000b36ecc10,0x00000000b3700000)
 Metaspace       used 76063K, committed 77376K, reserved 1179648K
  class space    used 7227K, committed 7808K, reserved 1048576K
}
Event: 886.181 GC heap after
{Heap after GC invocations=1838 (full 3):
 PSYoungGen      total 4096K, used 1740K [0x00000000d5580000, 0x00000000d5b80000, 0x0000000100000000)
  eden space 2048K, 0% used [0x00000000d5580000,0x00000000d5580000,0x00000000d5780000)
  from space 2048K, 84% used [0x00000000d5780000,0x00000000d5933000,0x00000000d5980000)
  to   space 2048K, 0% used [0x00000000d5980000,0x00000000d5980000,0x00000000d5b80000)
 ParOldGen       total 843264K, used 843203K [0x0000000080000000, 0x00000000b3780000, 0x00000000d5580000)
  object space 843264K, 99% used [0x0000000080000000,0x00000000b3770c10,0x00000000b3780000)
 Metaspace       used 76063K, committed 77376K, reserved 1179648K
  class space    used 7227K, committed 7808K, reserved 1048576K
}
Event: 886.684 GC heap before
{Heap before GC invocations=1839 (full 3):
 PSYoungGen      total 4096K, used 3788K [0x00000000d5580000, 0x00000000d5b80000, 0x0000000100000000)
  eden space 2048K, 100% used [0x00000000d5580000,0x00000000d5780000,0x00000000d5780000)
  from space 2048K, 84% used [0x00000000d5780000,0x00000000d5933000,0x00000000d5980000)
  to   space 2048K, 0% used [0x00000000d5980000,0x00000000d5980000,0x00000000d5b80000)
 ParOldGen       total 844800K, used 844268K [0x0000000080000000, 0x00000000b3900000, 0x00000000d5580000)
  object space 844800K, 99% used [0x0000000080000000,0x00000000b387b310,0x00000000b3900000)
 Metaspace       used 76063K, committed 77376K, reserved 1179648K
  class space    used 7227K, committed 7808K, reserved 1048576K
}
Event: 886.703 GC heap after
{Heap after GC invocations=1839 (full 3):
 PSYoungGen      total 3584K, used 1068K [0x00000000d5580000, 0x00000000d5b00000, 0x0000000100000000)
  eden space 2048K, 0% used [0x00000000d5580000,0x00000000d5580000,0x00000000d5780000)
  from space 1536K, 69% used [0x00000000d5980000,0x00000000d5a8b000,0x00000000d5b00000)
  to   space 1536K, 0% used [0x00000000d5800000,0x00000000d5800000,0x00000000d5980000)
 ParOldGen       total 847872K, used 846986K [0x0000000080000000, 0x00000000b3c00000, 0x00000000d5580000)
  object space 847872K, 99% used [0x0000000080000000,0x00000000b3b22a10,0x00000000b3c00000)
 Metaspace       used 76063K, committed 77376K, reserved 1179648K
  class space    used 7227K, committed 7808K, reserved 1048576K
}
Event: 929.756 GC heap before
{Heap before GC invocations=1840 (full 3):
 PSYoungGen      total 3584K, used 3104K [0x00000000d5580000, 0x00000000d5b00000, 0x0000000100000000)
  eden space 2048K, 99% used [0x00000000d5580000,0x00000000d577d3b0,0x00000000d5780000)
  from space 1536K, 69% used [0x00000000d5980000,0x00000000d5a8b000,0x00000000d5b00000)
  to   space 1536K, 0% used [0x00000000d5800000,0x00000000d5800000,0x00000000d5980000)
 ParOldGen       total 847872K, used 846986K [0x0000000080000000, 0x00000000b3c00000, 0x00000000d5580000)
  object space 847872K, 99% used [0x0000000080000000,0x00000000b3b22a10,0x00000000b3c00000)
 Metaspace       used 76118K, committed 77440K, reserved 1179648K
  class space    used 7239K, committed 7808K, reserved 1048576K
}
Event: 929.937 GC heap after
{Heap after GC invocations=1840 (full 3):
 PSYoungGen      total 3584K, used 1088K [0x00000000d5580000, 0x00000000d5a80000, 0x0000000100000000)
  eden space 2048K, 0% used [0x00000000d5580000,0x00000000d5580000,0x00000000d5780000)
  from space 1536K, 70% used [0x00000000d5800000,0x00000000d5910040,0x00000000d5980000)
  to   space 1024K, 0% used [0x00000000d5980000,0x00000000d5980000,0x00000000d5a80000)
 ParOldGen       total 848384K, used 847910K [0x0000000080000000, 0x00000000b3c80000, 0x00000000d5580000)
  object space 848384K, 99% used [0x0000000080000000,0x00000000b3c09a10,0x00000000b3c80000)
 Metaspace       used 76118K, committed 77440K, reserved 1179648K
  class space    used 7239K, committed 7808K, reserved 1048576K
}

